<?xml version="1.0" encoding="UTF-8"?>
<testsuite xmlns:xsi="http://www.w3.org/2001/XMLSchema-instance" xsi:noNamespaceSchemaLocation="https://maven.apache.org/surefire/maven-surefire-plugin/xsd/surefire-test-report.xsd" version="3.0.2" name="com.example.order_service.OrderServiceApplicationTests" time="0.002" tests="1" errors="0" skipped="1" failures="0">
  <properties/>
  <testcase name="contextLoads" classname="com.example.order_service.OrderServiceApplicationTests" time="0.0">
    <skipped message="Disabled in CI to unblock pipeline; will re-enable after setup is fixed"/>
  </testcase>
</testsuite>